Start testing: Mar 05 21:02 KST
----------------------------------------------------------
1/6 Testing: copyright
1/6 Test: copyright
Command: "/usr/bin/python3" "-u" "/opt/ros/crystal/share/ament_cmake_test/cmake/run_test.py" "/home/lsm/Project/ros2_study/5.custom/build/cpublisher/test_results/cpublisher/copyright.xunit.xml" "--package-name" "cpublisher" "--output-file" "/home/lsm/Project/ros2_study/5.custom/build/cpublisher/ament_copyright/copyright.txt" "--command" "/opt/ros/crystal/bin/ament_copyright" "--xunit-file" "/home/lsm/Project/ros2_study/5.custom/build/cpublisher/test_results/cpublisher/copyright.xunit.xml"
Directory: /home/lsm/Project/ros2_study/5.custom/cpublisher
"copyright" start time: Mar 05 21:02 KST
Output:
----------------------------------------------------------
-- run_test.py: invoking following command in '/home/lsm/Project/ros2_study/5.custom/cpublisher':
 - /opt/ros/crystal/bin/ament_copyright --xunit-file /home/lsm/Project/ros2_study/5.custom/build/cpublisher/test_results/cpublisher/copyright.xunit.xml
publish_contact.cpp: could not find copyright notice
1 errors, checked 1 files
-- run_test.py: return code 1
-- run_test.py: verify result file '/home/lsm/Project/ros2_study/5.custom/build/cpublisher/test_results/cpublisher/copyright.xunit.xml'
<end of output>
Test time =   0.42 sec
----------------------------------------------------------
Test Failed.
"copyright" end time: Mar 05 21:02 KST
"copyright" time elapsed: 00:00:00
----------------------------------------------------------

2/6 Testing: cppcheck
2/6 Test: cppcheck
Command: "/usr/bin/python3" "-u" "/opt/ros/crystal/share/ament_cmake_test/cmake/run_test.py" "/home/lsm/Project/ros2_study/5.custom/build/cpublisher/test_results/cpublisher/cppcheck.xunit.xml" "--package-name" "cpublisher" "--output-file" "/home/lsm/Project/ros2_study/5.custom/build/cpublisher/ament_cppcheck/cppcheck.txt" "--command" "/opt/ros/crystal/bin/ament_cppcheck" "--xunit-file" "/home/lsm/Project/ros2_study/5.custom/build/cpublisher/test_results/cpublisher/cppcheck.xunit.xml"
Directory: /home/lsm/Project/ros2_study/5.custom/cpublisher
"cppcheck" start time: Mar 05 21:02 KST
Output:
----------------------------------------------------------
-- run_test.py: invoking following command in '/home/lsm/Project/ros2_study/5.custom/cpublisher':
 - /opt/ros/crystal/bin/ament_cppcheck --xunit-file /home/lsm/Project/ros2_study/5.custom/build/cpublisher/test_results/cpublisher/cppcheck.xunit.xml
No errors
-- run_test.py: return code 0
-- run_test.py: verify result file '/home/lsm/Project/ros2_study/5.custom/build/cpublisher/test_results/cpublisher/cppcheck.xunit.xml'
<end of output>
Test time =   0.39 sec
----------------------------------------------------------
Test Passed.
"cppcheck" end time: Mar 05 21:02 KST
"cppcheck" time elapsed: 00:00:00
----------------------------------------------------------

3/6 Testing: cpplint
3/6 Test: cpplint
Command: "/usr/bin/python3" "-u" "/opt/ros/crystal/share/ament_cmake_test/cmake/run_test.py" "/home/lsm/Project/ros2_study/5.custom/build/cpublisher/test_results/cpublisher/cpplint.xunit.xml" "--package-name" "cpublisher" "--output-file" "/home/lsm/Project/ros2_study/5.custom/build/cpublisher/ament_cpplint/cpplint.txt" "--command" "/opt/ros/crystal/bin/ament_cpplint" "--xunit-file" "/home/lsm/Project/ros2_study/5.custom/build/cpublisher/test_results/cpublisher/cpplint.xunit.xml"
Directory: /home/lsm/Project/ros2_study/5.custom/cpublisher
"cpplint" start time: Mar 05 21:02 KST
Output:
----------------------------------------------------------
-- run_test.py: invoking following command in '/home/lsm/Project/ros2_study/5.custom/cpublisher':
 - /opt/ros/crystal/bin/ament_cpplint --xunit-file /home/lsm/Project/ros2_study/5.custom/build/cpublisher/test_results/cpublisher/cpplint.xunit.xml
/home/lsm/Project/ros2_study/5.custom/cpublisher/publish_contact.cpp:0:  No copyright message found.  You should have a line: "Copyright [year] <Copyright Owner>"  [legal/copyright] [5]
/home/lsm/Project/ros2_study/5.custom/cpublisher/publish_contact.cpp:50:  Could not find a newline character at the end of the file.  [whitespace/ending_newline] [5]
Category 'legal/copyright' errors found: 1
Category 'whitespace/ending_newline' errors found: 1
Total errors found: 2
Not using '--root'

Done processing /home/lsm/Project/ros2_study/5.custom/cpublisher/publish_contact.cpp

-- run_test.py: return code 1
-- run_test.py: verify result file '/home/lsm/Project/ros2_study/5.custom/build/cpublisher/test_results/cpublisher/cpplint.xunit.xml'
<end of output>
Test time =   0.42 sec
----------------------------------------------------------
Test Failed.
"cpplint" end time: Mar 05 21:02 KST
"cpplint" time elapsed: 00:00:00
----------------------------------------------------------

4/6 Testing: lint_cmake
4/6 Test: lint_cmake
Command: "/usr/bin/python3" "-u" "/opt/ros/crystal/share/ament_cmake_test/cmake/run_test.py" "/home/lsm/Project/ros2_study/5.custom/build/cpublisher/test_results/cpublisher/lint_cmake.xunit.xml" "--package-name" "cpublisher" "--output-file" "/home/lsm/Project/ros2_study/5.custom/build/cpublisher/ament_lint_cmake/lint_cmake.txt" "--command" "/opt/ros/crystal/bin/ament_lint_cmake" "--xunit-file" "/home/lsm/Project/ros2_study/5.custom/build/cpublisher/test_results/cpublisher/lint_cmake.xunit.xml"
Directory: /home/lsm/Project/ros2_study/5.custom/cpublisher
"lint_cmake" start time: Mar 05 21:02 KST
Output:
----------------------------------------------------------
-- run_test.py: invoking following command in '/home/lsm/Project/ros2_study/5.custom/cpublisher':
 - /opt/ros/crystal/bin/ament_lint_cmake --xunit-file /home/lsm/Project/ros2_study/5.custom/build/cpublisher/test_results/cpublisher/lint_cmake.xunit.xml

No errors
-- run_test.py: return code 0
-- run_test.py: verify result file '/home/lsm/Project/ros2_study/5.custom/build/cpublisher/test_results/cpublisher/lint_cmake.xunit.xml'
<end of output>
Test time =   0.37 sec
----------------------------------------------------------
Test Passed.
"lint_cmake" end time: Mar 05 21:02 KST
"lint_cmake" time elapsed: 00:00:00
----------------------------------------------------------

5/6 Testing: uncrustify
5/6 Test: uncrustify
Command: "/usr/bin/python3" "-u" "/opt/ros/crystal/share/ament_cmake_test/cmake/run_test.py" "/home/lsm/Project/ros2_study/5.custom/build/cpublisher/test_results/cpublisher/uncrustify.xunit.xml" "--package-name" "cpublisher" "--output-file" "/home/lsm/Project/ros2_study/5.custom/build/cpublisher/ament_uncrustify/uncrustify.txt" "--command" "/opt/ros/crystal/bin/ament_uncrustify" "--xunit-file" "/home/lsm/Project/ros2_study/5.custom/build/cpublisher/test_results/cpublisher/uncrustify.xunit.xml"
Directory: /home/lsm/Project/ros2_study/5.custom/cpublisher
"uncrustify" start time: Mar 05 21:02 KST
Output:
----------------------------------------------------------
-- run_test.py: invoking following command in '/home/lsm/Project/ros2_study/5.custom/cpublisher':
 - /opt/ros/crystal/bin/ament_uncrustify --xunit-file /home/lsm/Project/ros2_study/5.custom/build/cpublisher/test_results/cpublisher/uncrustify.xunit.xml
Code style divergence in file 'publish_contact.cpp':

--- publish_contact.cpp
+++ publish_contact.cpp.uncrustify
@@ -50 +50 @@
-}
+}

1 files with code style divergence
-- run_test.py: return code 1
-- run_test.py: verify result file '/home/lsm/Project/ros2_study/5.custom/build/cpublisher/test_results/cpublisher/uncrustify.xunit.xml'
<end of output>
Test time =   0.39 sec
----------------------------------------------------------
Test Failed.
"uncrustify" end time: Mar 05 21:02 KST
"uncrustify" time elapsed: 00:00:00
----------------------------------------------------------

6/6 Testing: xmllint
6/6 Test: xmllint
Command: "/usr/bin/python3" "-u" "/opt/ros/crystal/share/ament_cmake_test/cmake/run_test.py" "/home/lsm/Project/ros2_study/5.custom/build/cpublisher/test_results/cpublisher/xmllint.xunit.xml" "--package-name" "cpublisher" "--output-file" "/home/lsm/Project/ros2_study/5.custom/build/cpublisher/ament_xmllint/xmllint.txt" "--command" "/opt/ros/crystal/bin/ament_xmllint" "--xunit-file" "/home/lsm/Project/ros2_study/5.custom/build/cpublisher/test_results/cpublisher/xmllint.xunit.xml"
Directory: /home/lsm/Project/ros2_study/5.custom/cpublisher
"xmllint" start time: Mar 05 21:02 KST
Output:
----------------------------------------------------------
-- run_test.py: invoking following command in '/home/lsm/Project/ros2_study/5.custom/cpublisher':
 - /opt/ros/crystal/bin/ament_xmllint --xunit-file /home/lsm/Project/ros2_study/5.custom/build/cpublisher/test_results/cpublisher/xmllint.xunit.xml
File 'package.xml' is valid

No errors
-- run_test.py: return code 0
-- run_test.py: verify result file '/home/lsm/Project/ros2_study/5.custom/build/cpublisher/test_results/cpublisher/xmllint.xunit.xml'
<end of output>
Test time =   0.83 sec
----------------------------------------------------------
Test Passed.
"xmllint" end time: Mar 05 21:02 KST
"xmllint" time elapsed: 00:00:00
----------------------------------------------------------

End testing: Mar 05 21:02 KST

copyright =   0.42 sec*proc

cppcheck =   0.39 sec*proc

cpplint =   0.42 sec*proc

lint_cmake =   0.37 sec*proc

linter =   2.82 sec*proc

uncrustify =   0.39 sec*proc

xmllint =   0.83 sec*proc

